
12:15:32 14/03/2018 Servidor: Conexion aceptada
12:15:39 14/03/2018 meme: Envio mensaje
12:15:39 14/03/2018 meme: Recibo mensaje
12:15:49 14/03/2018 meme: Conexion cerrada
12:48:42 14/03/2018 Servidor: Conexion aceptada
12:50:04 14/03/2018 Servidor: Conexion aceptada
12:50:47 14/03/2018 zcxv: Conexion cerrada
12:50:48 14/03/2018 mem: Conexion cerrada
12:52:04 14/03/2018 Servidor: Conexion aceptada
12:54:27 14/03/2018 Servidor: Conexion aceptada
12:55:04 14/03/2018 vc: Conexion cerrada
12:55:16 14/03/2018 Servidor: Conexion aceptada
12:55:56 14/03/2018 Servidor: Conexion aceptada
12:56:39 14/03/2018 Servidor: Conexion aceptada
12:56:52 14/03/2018 lilo: Conexion cerrada
12:56:55 14/03/2018 kiki: Conexion cerrada
12:57:00 14/03/2018 lili: Conexion cerrada
12:57:34 14/03/2018 Servidor: Conexion aceptada
12:58:16 14/03/2018 Servidor: Conexion aceptada
12:58:57 14/03/2018 Servidor: Conexion aceptada
13:00:44 14/03/2018 holo: Conexion cerrada
13:00:48 14/03/2018 bn: Conexion cerrada
13:01:05 14/03/2018 Servidor: Conexion aceptada
13:01:10 14/03/2018 chici: Conexion cerrada
13:01:52 14/03/2018 Servidor: Conexion aceptada
13:02:02 14/03/2018 nb: Conexion cerrada
13:02:04 14/03/2018 holi: Conexion cerrada
13:02:35 14/03/2018 Servidor: Conexion aceptada
13:02:40 14/03/2018 vxbcl: Conexion cerrada
13:03:37 14/03/2018 Servidor: Conexion aceptada
13:03:53 14/03/2018 mnbkljk: Conexion cerrada
13:05:28 14/03/2018 Servidor: Conexion aceptada
13:06:32 14/03/2018 ñpo: Conexion cerrada
13:06:42 14/03/2018 Servidor: Conexion aceptada
13:07:06 14/03/2018 xzcv: Conexion cerrada
13:07:16 14/03/2018 Servidor: Conexion aceptada
13:07:31 14/03/2018 fghj: Envio mensaje
13:07:31 14/03/2018 fghj: Recibo mensaje
13:07:49 14/03/2018 fghj: Conexion cerrada
13:08:46 14/03/2018 Servidor: Conexion aceptada
13:08:55 14/03/2018 dfg: Envio mensaje
13:08:55 14/03/2018 dfg: Recibo mensaje
13:09:05 14/03/2018 dfg: Envio mensaje
13:09:05 14/03/2018 dfg: Recibo mensaje
13:09:07 14/03/2018 dfg: Envio mensaje
13:09:07 14/03/2018 dfg: Recibo mensaje
13:09:09 14/03/2018 dfg: Envio mensaje
13:09:09 14/03/2018 dfg: Recibo mensaje
13:09:11 14/03/2018 dfg: Envio mensaje
13:09:11 14/03/2018 dfg: Recibo mensaje
13:09:12 14/03/2018 dfg: Envio mensaje
13:09:12 14/03/2018 dfg: Recibo mensaje
13:09:14 14/03/2018 dfg: Envio mensaje
13:09:14 14/03/2018 dfg: Recibo mensaje
13:09:16 14/03/2018 dfg: Envio mensaje
13:09:16 14/03/2018 dfg: Recibo mensaje
13:09:17 14/03/2018 dfg: Envio mensaje
13:09:17 14/03/2018 dfg: Recibo mensaje
13:09:18 14/03/2018 dfg: Envio mensaje
13:09:18 14/03/2018 dfg: Recibo mensaje
13:09:19 14/03/2018 dfg: Envio mensaje
13:09:19 14/03/2018 dfg: Recibo mensaje
13:09:22 14/03/2018 dfg: Envio mensaje
13:09:22 14/03/2018 dfg: Recibo mensaje
13:09:24 14/03/2018 dfg: Envio mensaje
13:09:24 14/03/2018 dfg: Recibo mensaje
13:09:25 14/03/2018 dfg: Envio mensaje
13:09:25 14/03/2018 dfg: Recibo mensaje
13:09:27 14/03/2018 dfg: Envio mensaje
13:09:27 14/03/2018 dfg: Recibo mensaje
13:09:28 14/03/2018 dfg: Envio mensaje
13:09:28 14/03/2018 dfg: Recibo mensaje
13:09:29 14/03/2018 dfg: Envio mensaje
13:09:29 14/03/2018 dfg: Recibo mensaje
13:09:31 14/03/2018 dfg: Envio mensaje
13:09:31 14/03/2018 dfg: Recibo mensaje
13:09:32 14/03/2018 dfg: Envio mensaje
13:09:32 14/03/2018 dfg: Recibo mensaje
13:09:37 14/03/2018 dfg: Envio mensaje
13:09:37 14/03/2018 dfg: Recibo mensaje
13:09:44 14/03/2018 dfg: Conexion cerrada
